<?xml version="1.0" encoding="UTF-8"?>
<!-- Generated by org.testng.reporters.JUnitXMLReporter -->
<testsuite hostname="BIOMED0220686" name="Command line test" tests="3" failures="0" timestamp="9 May 2017 11:32:12 GMT" time="9.914" errors="0">
  <testcase name="testGetInstallableRevisions" time="1.862" classname="com.github.jmchilton.blend4j.toolshed.RepositoriesClientTest"/>
  <testcase name="testGetLatestRepositoryRevision" time="0.398" classname="com.github.jmchilton.blend4j.toolshed.RepositoriesClientTest"/>
  <testcase name="testGetTools" time="6.849" classname="com.github.jmchilton.blend4j.toolshed.RepositoriesClientTest"/>
</testsuite> <!-- Command line test -->
