<?xml version="1.0" encoding="UTF-8"?>
<testng-results skipped="0" failed="0" total="3" passed="3">
  <reporter-output>
  </reporter-output>
  <suite name="com.github.jmchilton.blend4j.toolshed.RepositoriesClientTest" duration-ms="9914" started-at="2017-05-09T11:32:02Z" finished-at="2017-05-09T11:32:12Z">
    <groups>
    </groups>
    <test name="Command line test" duration-ms="9914" started-at="2017-05-09T11:32:02Z" finished-at="2017-05-09T11:32:12Z">
      <class name="com.github.jmchilton.blend4j.toolshed.RepositoriesClientTest">
        <test-method status="PASS" signature="init()[pri:0, instance:com.github.jmchilton.blend4j.toolshed.RepositoriesClientTest@2d209079]" name="init" is-config="true" duration-ms="528" started-at="2017-05-09T13:32:02Z" finished-at="2017-05-09T13:32:02Z">
          <reporter-output>
          </reporter-output>
        </test-method> <!-- init -->
        <test-method status="PASS" signature="testGetInstallableRevisions()[pri:0, instance:com.github.jmchilton.blend4j.toolshed.RepositoriesClientTest@2d209079]" name="testGetInstallableRevisions" duration-ms="1862" started-at="2017-05-09T13:32:02Z" finished-at="2017-05-09T13:32:04Z">
          <reporter-output>
          </reporter-output>
        </test-method> <!-- testGetInstallableRevisions -->
        <test-method status="PASS" signature="init()[pri:0, instance:com.github.jmchilton.blend4j.toolshed.RepositoriesClientTest@2d209079]" name="init" is-config="true" duration-ms="163" started-at="2017-05-09T13:32:04Z" finished-at="2017-05-09T13:32:04Z">
          <reporter-output>
          </reporter-output>
        </test-method> <!-- init -->
        <test-method status="PASS" signature="testGetLatestRepositoryRevision()[pri:0, instance:com.github.jmchilton.blend4j.toolshed.RepositoriesClientTest@2d209079]" name="testGetLatestRepositoryRevision" duration-ms="398" started-at="2017-05-09T13:32:04Z" finished-at="2017-05-09T13:32:05Z">
          <reporter-output>
          </reporter-output>
        </test-method> <!-- testGetLatestRepositoryRevision -->
        <test-method status="PASS" signature="init()[pri:0, instance:com.github.jmchilton.blend4j.toolshed.RepositoriesClientTest@2d209079]" name="init" is-config="true" duration-ms="102" started-at="2017-05-09T13:32:05Z" finished-at="2017-05-09T13:32:05Z">
          <reporter-output>
          </reporter-output>
        </test-method> <!-- init -->
        <test-method status="PASS" signature="testGetTools()[pri:0, instance:com.github.jmchilton.blend4j.toolshed.RepositoriesClientTest@2d209079]" name="testGetTools" duration-ms="6849" started-at="2017-05-09T13:32:05Z" finished-at="2017-05-09T13:32:12Z">
          <reporter-output>
          </reporter-output>
        </test-method> <!-- testGetTools -->
      </class> <!-- com.github.jmchilton.blend4j.toolshed.RepositoriesClientTest -->
    </test> <!-- Command line test -->
  </suite> <!-- com.github.jmchilton.blend4j.toolshed.RepositoriesClientTest -->
</testng-results>
